2025-11-21T16:29:53.398+07:00  INFO 10588 --- [main] c.e.inventory.InventoryApplication       : Starting InventoryApplication using Java 17.0.17 with PID 10588 (D:\TodoList\inventory\target\classes started by bao_lai in D:\TodoList\inventory)
2025-11-21T16:29:53.402+07:00 DEBUG 10588 --- [main] c.e.inventory.InventoryApplication       : Running with Spring Boot v3.5.7, Spring v6.2.12
2025-11-21T16:29:53.403+07:00  INFO 10588 --- [main] c.e.inventory.InventoryApplication       : No active profile set, falling back to 1 default profile: "default"
2025-11-21T16:29:54.524+07:00  INFO 10588 --- [main] .s.d.r.c.RepositoryConfigurationDelegate : Bootstrapping Spring Data JPA repositories in DEFAULT mode.
2025-11-21T16:29:54.640+07:00  INFO 10588 --- [main] .s.d.r.c.RepositoryConfigurationDelegate : Finished Spring Data repository scanning in 104 ms. Found 2 JPA repository interfaces.
2025-11-21T16:29:55.530+07:00  INFO 10588 --- [main] o.s.b.w.embedded.tomcat.TomcatWebServer  : Tomcat initialized with port 8080 (http)
2025-11-21T16:29:55.548+07:00  INFO 10588 --- [main] o.apache.catalina.core.StandardService   : Starting service [Tomcat]
2025-11-21T16:29:55.549+07:00  INFO 10588 --- [main] o.apache.catalina.core.StandardEngine    : Starting Servlet engine: [Apache Tomcat/10.1.48]
2025-11-21T16:29:55.630+07:00  INFO 10588 --- [main] o.a.c.c.C.[Tomcat].[localhost].[/]       : Initializing Spring embedded WebApplicationContext
2025-11-21T16:29:55.630+07:00  INFO 10588 --- [main] w.s.c.ServletWebServerApplicationContext : Root WebApplicationContext: initialization completed in 2165 ms
2025-11-21T16:29:55.838+07:00  INFO 10588 --- [main] o.hibernate.jpa.internal.util.LogHelper  : HHH000204: Processing PersistenceUnitInfo [name: default]
2025-11-21T16:29:55.914+07:00  INFO 10588 --- [main] org.hibernate.Version                    : HHH000412: Hibernate ORM core version 6.6.33.Final
2025-11-21T16:29:55.970+07:00  INFO 10588 --- [main] o.h.c.internal.RegionFactoryInitiator    : HHH000026: Second-level cache disabled
2025-11-21T16:29:56.088+07:00 DEBUG 10588 --- [main] org.hibernate.type.BasicTypeRegistry     : Adding type registration boolean -> org.hibernate.type.BasicTypeReference@75793f17
2025-11-21T16:29:56.088+07:00 DEBUG 10588 --- [main] org.hibernate.type.BasicTypeRegistry     : Adding type registration boolean -> org.hibernate.type.BasicTypeReference@75793f17
2025-11-21T16:29:56.088+07:00 DEBUG 10588 --- [main] org.hibernate.type.BasicTypeRegistry     : Adding type registration java.lang.Boolean -> org.hibernate.type.BasicTypeReference@75793f17
2025-11-21T16:29:56.088+07:00 DEBUG 10588 --- [main] org.hibernate.type.BasicTypeRegistry     : Adding type registration numeric_boolean -> org.hibernate.type.BasicTypeReference@4652c74d
2025-11-21T16:29:56.088+07:00 DEBUG 10588 --- [main] org.hibernate.type.BasicTypeRegistry     : Adding type registration org.hibernate.type.NumericBooleanConverter -> org.hibernate.type.BasicTypeReference@4652c74d
2025-11-21T16:29:56.088+07:00 DEBUG 10588 --- [main] org.hibernate.type.BasicTypeRegistry     : Adding type registration true_false -> org.hibernate.type.BasicTypeReference@4cc12db2
2025-11-21T16:29:56.088+07:00 DEBUG 10588 --- [main] org.hibernate.type.BasicTypeRegistry     : Adding type registration org.hibernate.type.TrueFalseConverter -> org.hibernate.type.BasicTypeReference@4cc12db2
2025-11-21T16:29:56.088+07:00 DEBUG 10588 --- [main] org.hibernate.type.BasicTypeRegistry     : Adding type registration yes_no -> org.hibernate.type.BasicTypeReference@5ea7bc4
2025-11-21T16:29:56.088+07:00 DEBUG 10588 --- [main] org.hibernate.type.BasicTypeRegistry     : Adding type registration org.hibernate.type.YesNoConverter -> org.hibernate.type.BasicTypeReference@5ea7bc4
2025-11-21T16:29:56.088+07:00 DEBUG 10588 --- [main] org.hibernate.type.BasicTypeRegistry     : Adding type registration byte -> org.hibernate.type.BasicTypeReference@39d77de9
2025-11-21T16:29:56.088+07:00 DEBUG 10588 --- [main] org.hibernate.type.BasicTypeRegistry     : Adding type registration byte -> org.hibernate.type.BasicTypeReference@39d77de9
2025-11-21T16:29:56.088+07:00 DEBUG 10588 --- [main] org.hibernate.type.BasicTypeRegistry     : Adding type registration java.lang.Byte -> org.hibernate.type.BasicTypeReference@39d77de9
2025-11-21T16:29:56.089+07:00 DEBUG 10588 --- [main] org.hibernate.type.BasicTypeRegistry     : Adding type registration binary -> org.hibernate.type.BasicTypeReference@696fad31
2025-11-21T16:29:56.089+07:00 DEBUG 10588 --- [main] org.hibernate.type.BasicTypeRegistry     : Adding type registration byte[] -> org.hibernate.type.BasicTypeReference@696fad31
2025-11-21T16:29:56.089+07:00 DEBUG 10588 --- [main] org.hibernate.type.BasicTypeRegistry     : Adding type registration [B -> org.hibernate.type.BasicTypeReference@696fad31
2025-11-21T16:29:56.089+07:00 DEBUG 10588 --- [main] org.hibernate.type.BasicTypeRegistry     : Adding type registration binary_wrapper -> org.hibernate.type.BasicTypeReference@785ed99c
2025-11-21T16:29:56.089+07:00 DEBUG 10588 --- [main] org.hibernate.type.BasicTypeRegistry     : Adding type registration wrapper-binary -> org.hibernate.type.BasicTypeReference@785ed99c
2025-11-21T16:29:56.089+07:00 DEBUG 10588 --- [main] org.hibernate.type.BasicTypeRegistry     : Adding type registration image -> org.hibernate.type.BasicTypeReference@6c4ce583
2025-11-21T16:29:56.089+07:00 DEBUG 10588 --- [main] org.hibernate.type.BasicTypeRegistry     : Adding type registration blob -> org.hibernate.type.BasicTypeReference@755b5f30
2025-11-21T16:29:56.089+07:00 DEBUG 10588 --- [main] org.hibernate.type.BasicTypeRegistry     : Adding type registration java.sql.Blob -> org.hibernate.type.BasicTypeReference@755b5f30
2025-11-21T16:29:56.089+07:00 DEBUG 10588 --- [main] org.hibernate.type.BasicTypeRegistry     : Adding type registration materialized_blob -> org.hibernate.type.BasicTypeReference@29bbc63c
2025-11-21T16:29:56.089+07:00 DEBUG 10588 --- [main] org.hibernate.type.BasicTypeRegistry     : Adding type registration materialized_blob_wrapper -> org.hibernate.type.BasicTypeReference@272778ae
2025-11-21T16:29:56.089+07:00 DEBUG 10588 --- [main] org.hibernate.type.BasicTypeRegistry     : Adding type registration short -> org.hibernate.type.BasicTypeReference@2cccf134
2025-11-21T16:29:56.089+07:00 DEBUG 10588 --- [main] org.hibernate.type.BasicTypeRegistry     : Adding type registration short -> org.hibernate.type.BasicTypeReference@2cccf134
2025-11-21T16:29:56.089+07:00 DEBUG 10588 --- [main] org.hibernate.type.BasicTypeRegistry     : Adding type registration java.lang.Short -> org.hibernate.type.BasicTypeReference@2cccf134
2025-11-21T16:29:56.089+07:00 DEBUG 10588 --- [main] org.hibernate.type.BasicTypeRegistry     : Adding type registration integer -> org.hibernate.type.BasicTypeReference@3c18942
2025-11-21T16:29:56.089+07:00 DEBUG 10588 --- [main] org.hibernate.type.BasicTypeRegistry     : Adding type registration int -> org.hibernate.type.BasicTypeReference@3c18942
2025-11-21T16:29:56.089+07:00 DEBUG 10588 --- [main] org.hibernate.type.BasicTypeRegistry     : Adding type registration java.lang.Integer -> org.hibernate.type.BasicTypeReference@3c18942
2025-11-21T16:29:56.089+07:00 DEBUG 10588 --- [main] org.hibernate.type.BasicTypeRegistry     : Adding type registration long -> org.hibernate.type.BasicTypeReference@743c3520
2025-11-21T16:29:56.089+07:00 DEBUG 10588 --- [main] org.hibernate.type.BasicTypeRegistry     : Adding type registration long -> org.hibernate.type.BasicTypeReference@743c3520
2025-11-21T16:29:56.089+07:00 DEBUG 10588 --- [main] org.hibernate.type.BasicTypeRegistry     : Adding type registration java.lang.Long -> org.hibernate.type.BasicTypeReference@743c3520
2025-11-21T16:29:56.089+07:00 DEBUG 10588 --- [main] org.hibernate.type.BasicTypeRegistry     : Adding type registration float -> org.hibernate.type.BasicTypeReference@6842c101
2025-11-21T16:29:56.089+07:00 DEBUG 10588 --- [main] org.hibernate.type.BasicTypeRegistry     : Adding type registration float -> org.hibernate.type.BasicTypeReference@6842c101
2025-11-21T16:29:56.089+07:00 DEBUG 10588 --- [main] org.hibernate.type.BasicTypeRegistry     : Adding type registration java.lang.Float -> org.hibernate.type.BasicTypeReference@6842c101
2025-11-21T16:29:56.089+07:00 DEBUG 10588 --- [main] org.hibernate.type.BasicTypeRegistry     : Adding type registration double -> org.hibernate.type.BasicTypeReference@234cd86c
2025-11-21T16:29:56.089+07:00 DEBUG 10588 --- [main] org.hibernate.type.BasicTypeRegistry     : Adding type registration double -> org.hibernate.type.BasicTypeReference@234cd86c
2025-11-21T16:29:56.089+07:00 DEBUG 10588 --- [main] org.hibernate.type.BasicTypeRegistry     : Adding type registration java.lang.Double -> org.hibernate.type.BasicTypeReference@234cd86c
2025-11-21T16:29:56.091+07:00 DEBUG 10588 --- [main] org.hibernate.type.BasicTypeRegistry     : Adding type registration big_integer -> org.hibernate.type.BasicTypeReference@2c48cede
2025-11-21T16:29:56.091+07:00 DEBUG 10588 --- [main] org.hibernate.type.BasicTypeRegistry     : Adding type registration java.math.BigInteger -> org.hibernate.type.BasicTypeReference@2c48cede
2025-11-21T16:29:56.091+07:00 DEBUG 10588 --- [main] org.hibernate.type.BasicTypeRegistry     : Adding type registration big_decimal -> org.hibernate.type.BasicTypeReference@39c87b42
2025-11-21T16:29:56.091+07:00 DEBUG 10588 --- [main] org.hibernate.type.BasicTypeRegistry     : Adding type registration java.math.BigDecimal -> org.hibernate.type.BasicTypeReference@39c87b42
2025-11-21T16:29:56.091+07:00 DEBUG 10588 --- [main] org.hibernate.type.BasicTypeRegistry     : Adding type registration character -> org.hibernate.type.BasicTypeReference@47fcefb3
2025-11-21T16:29:56.091+07:00 DEBUG 10588 --- [main] org.hibernate.type.BasicTypeRegistry     : Adding type registration char -> org.hibernate.type.BasicTypeReference@47fcefb3
2025-11-21T16:29:56.091+07:00 DEBUG 10588 --- [main] org.hibernate.type.BasicTypeRegistry     : Adding type registration java.lang.Character -> org.hibernate.type.BasicTypeReference@47fcefb3
2025-11-21T16:29:56.091+07:00 DEBUG 10588 --- [main] org.hibernate.type.BasicTypeRegistry     : Adding type registration character_nchar -> org.hibernate.type.BasicTypeReference@236c098
2025-11-21T16:29:56.091+07:00 DEBUG 10588 --- [main] org.hibernate.type.BasicTypeRegistry     : Adding type registration string -> org.hibernate.type.BasicTypeReference@68e2d03e
2025-11-21T16:29:56.091+07:00 DEBUG 10588 --- [main] org.hibernate.type.BasicTypeRegistry     : Adding type registration java.lang.String -> org.hibernate.type.BasicTypeReference@68e2d03e
2025-11-21T16:29:56.091+07:00 DEBUG 10588 --- [main] org.hibernate.type.BasicTypeRegistry     : Adding type registration nstring -> org.hibernate.type.BasicTypeReference@120aa40b
2025-11-21T16:29:56.091+07:00 DEBUG 10588 --- [main] org.hibernate.type.BasicTypeRegistry     : Adding type registration characters -> org.hibernate.type.BasicTypeReference@32ab408e
2025-11-21T16:29:56.091+07:00 DEBUG 10588 --- [main] org.hibernate.type.BasicTypeRegistry     : Adding type registration char[] -> org.hibernate.type.BasicTypeReference@32ab408e
2025-11-21T16:29:56.091+07:00 DEBUG 10588 --- [main] org.hibernate.type.BasicTypeRegistry     : Adding type registration [C -> org.hibernate.type.BasicTypeReference@32ab408e
2025-11-21T16:29:56.091+07:00 DEBUG 10588 --- [main] org.hibernate.type.BasicTypeRegistry     : Adding type registration wrapper-characters -> org.hibernate.type.BasicTypeReference@6ad6443
2025-11-21T16:29:56.091+07:00 DEBUG 10588 --- [main] org.hibernate.type.BasicTypeRegistry     : Adding type registration text -> org.hibernate.type.BasicTypeReference@78b03788
2025-11-21T16:29:56.091+07:00 DEBUG 10588 --- [main] org.hibernate.type.BasicTypeRegistry     : Adding type registration ntext -> org.hibernate.type.BasicTypeReference@3f5dfe69
2025-11-21T16:29:56.091+07:00 DEBUG 10588 --- [main] org.hibernate.type.BasicTypeRegistry     : Adding type registration clob -> org.hibernate.type.BasicTypeReference@571a663c
2025-11-21T16:29:56.091+07:00 DEBUG 10588 --- [main] org.hibernate.type.BasicTypeRegistry     : Adding type registration java.sql.Clob -> org.hibernate.type.BasicTypeReference@571a663c
2025-11-21T16:29:56.091+07:00 DEBUG 10588 --- [main] org.hibernate.type.BasicTypeRegistry     : Adding type registration nclob -> org.hibernate.type.BasicTypeReference@3a788fe0
2025-11-21T16:29:56.091+07:00 DEBUG 10588 --- [main] org.hibernate.type.BasicTypeRegistry     : Adding type registration java.sql.NClob -> org.hibernate.type.BasicTypeReference@3a788fe0
2025-11-21T16:29:56.091+07:00 DEBUG 10588 --- [main] org.hibernate.type.BasicTypeRegistry     : Adding type registration materialized_clob -> org.hibernate.type.BasicTypeReference@430df350
2025-11-21T16:29:56.092+07:00 DEBUG 10588 --- [main] org.hibernate.type.BasicTypeRegistry     : Adding type registration materialized_clob_char_array -> org.hibernate.type.BasicTypeReference@1373e3ee
2025-11-21T16:29:56.092+07:00 DEBUG 10588 --- [main] org.hibernate.type.BasicTypeRegistry     : Adding type registration materialized_clob_character_array -> org.hibernate.type.BasicTypeReference@175c5c3a
2025-11-21T16:29:56.092+07:00 DEBUG 10588 --- [main] org.hibernate.type.BasicTypeRegistry     : Adding type registration materialized_nclob -> org.hibernate.type.BasicTypeReference@69a5c6be
2025-11-21T16:29:56.092+07:00 DEBUG 10588 --- [main] org.hibernate.type.BasicTypeRegistry     : Adding type registration materialized_nclob_character_array -> org.hibernate.type.BasicTypeReference@451e2fa9
2025-11-21T16:29:56.092+07:00 DEBUG 10588 --- [main] org.hibernate.type.BasicTypeRegistry     : Adding type registration materialized_nclob_char_array -> org.hibernate.type.BasicTypeReference@497ed877
2025-11-21T16:29:56.092+07:00 DEBUG 10588 --- [main] org.hibernate.type.BasicTypeRegistry     : Adding type registration Duration -> org.hibernate.type.BasicTypeReference@3cb6e0ee
2025-11-21T16:29:56.092+07:00 DEBUG 10588 --- [main] org.hibernate.type.BasicTypeRegistry     : Adding type registration java.time.Duration -> org.hibernate.type.BasicTypeReference@3cb6e0ee
2025-11-21T16:29:56.092+07:00 DEBUG 10588 --- [main] org.hibernate.type.BasicTypeRegistry     : Adding type registration LocalDateTime -> org.hibernate.type.BasicTypeReference@7b6141f0
2025-11-21T16:29:56.092+07:00 DEBUG 10588 --- [main] org.hibernate.type.BasicTypeRegistry     : Adding type registration java.time.LocalDateTime -> org.hibernate.type.BasicTypeReference@7b6141f0
2025-11-21T16:29:56.092+07:00 DEBUG 10588 --- [main] org.hibernate.type.BasicTypeRegistry     : Adding type registration LocalDate -> org.hibernate.type.BasicTypeReference@4fb64a52
2025-11-21T16:29:56.092+07:00 DEBUG 10588 --- [main] org.hibernate.type.BasicTypeRegistry     : Adding type registration java.time.LocalDate -> org.hibernate.type.BasicTypeReference@4fb64a52
2025-11-21T16:29:56.092+07:00 DEBUG 10588 --- [main] org.hibernate.type.BasicTypeRegistry     : Adding type registration LocalTime -> org.hibernate.type.BasicTypeReference@70b48eb3
2025-11-21T16:29:56.092+07:00 DEBUG 10588 --- [main] org.hibernate.type.BasicTypeRegistry     : Adding type registration java.time.LocalTime -> org.hibernate.type.BasicTypeReference@70b48eb3
2025-11-21T16:29:56.093+07:00 DEBUG 10588 --- [main] org.hibernate.type.BasicTypeRegistry     : Adding type registration OffsetDateTime -> org.hibernate.type.BasicTypeReference@7b8ea1db
2025-11-21T16:29:56.093+07:00 DEBUG 10588 --- [main] org.hibernate.type.BasicTypeRegistry     : Adding type registration java.time.OffsetDateTime -> org.hibernate.type.BasicTypeReference@7b8ea1db
2025-11-21T16:29:56.093+07:00 DEBUG 10588 --- [main] org.hibernate.type.BasicTypeRegistry     : Adding type registration OffsetDateTimeWithTimezone -> org.hibernate.type.BasicTypeReference@a91119b
2025-11-21T16:29:56.093+07:00 DEBUG 10588 --- [main] org.hibernate.type.BasicTypeRegistry     : Adding type registration OffsetDateTimeWithoutTimezone -> org.hibernate.type.BasicTypeReference@77083e41
2025-11-21T16:29:56.093+07:00 DEBUG 10588 --- [main] org.hibernate.type.BasicTypeRegistry     : Adding type registration OffsetTime -> org.hibernate.type.BasicTypeReference@231df705
2025-11-21T16:29:56.093+07:00 DEBUG 10588 --- [main] org.hibernate.type.BasicTypeRegistry     : Adding type registration java.time.OffsetTime -> org.hibernate.type.BasicTypeReference@231df705
2025-11-21T16:29:56.093+07:00 DEBUG 10588 --- [main] org.hibernate.type.BasicTypeRegistry     : Adding type registration OffsetTimeUtc -> org.hibernate.type.BasicTypeReference@2d130ac4
2025-11-21T16:29:56.093+07:00 DEBUG 10588 --- [main] org.hibernate.type.BasicTypeRegistry     : Adding type registration OffsetTimeWithTimezone -> org.hibernate.type.BasicTypeReference@2f0ccb34
2025-11-21T16:29:56.093+07:00 DEBUG 10588 --- [main] org.hibernate.type.BasicTypeRegistry     : Adding type registration OffsetTimeWithoutTimezone -> org.hibernate.type.BasicTypeReference@194012a2
2025-11-21T16:29:56.093+07:00 DEBUG 10588 --- [main] org.hibernate.type.BasicTypeRegistry     : Adding type registration ZonedDateTime -> org.hibernate.type.BasicTypeReference@55296b50
2025-11-21T16:29:56.093+07:00 DEBUG 10588 --- [main] org.hibernate.type.BasicTypeRegistry     : Adding type registration java.time.ZonedDateTime -> org.hibernate.type.BasicTypeReference@55296b50
2025-11-21T16:29:56.093+07:00 DEBUG 10588 --- [main] org.hibernate.type.BasicTypeRegistry     : Adding type registration ZonedDateTimeWithTimezone -> org.hibernate.type.BasicTypeReference@60591e1b
2025-11-21T16:29:56.093+07:00 DEBUG 10588 --- [main] org.hibernate.type.BasicTypeRegistry     : Adding type registration ZonedDateTimeWithoutTimezone -> org.hibernate.type.BasicTypeReference@29c53c4f
2025-11-21T16:29:56.093+07:00 DEBUG 10588 --- [main] org.hibernate.type.BasicTypeRegistry     : Adding type registration date -> org.hibernate.type.BasicTypeReference@3009eed7
2025-11-21T16:29:56.093+07:00 DEBUG 10588 --- [main] org.hibernate.type.BasicTypeRegistry     : Adding type registration java.sql.Date -> org.hibernate.type.BasicTypeReference@3009eed7
2025-11-21T16:29:56.093+07:00 DEBUG 10588 --- [main] org.hibernate.type.BasicTypeRegistry     : Adding type registration time -> org.hibernate.type.BasicTypeReference@2ee4706d
2025-11-21T16:29:56.093+07:00 DEBUG 10588 --- [main] org.hibernate.type.BasicTypeRegistry     : Adding type registration java.sql.Time -> org.hibernate.type.BasicTypeReference@2ee4706d
2025-11-21T16:29:56.093+07:00 DEBUG 10588 --- [main] org.hibernate.type.BasicTypeRegistry     : Adding type registration timestamp -> org.hibernate.type.BasicTypeReference@6650a6c
2025-11-21T16:29:56.093+07:00 DEBUG 10588 --- [main] org.hibernate.type.BasicTypeRegistry     : Adding type registration java.sql.Timestamp -> org.hibernate.type.BasicTypeReference@6650a6c
2025-11-21T16:29:56.093+07:00 DEBUG 10588 --- [main] org.hibernate.type.BasicTypeRegistry     : Adding type registration java.util.Date -> org.hibernate.type.BasicTypeReference@6650a6c
2025-11-21T16:29:56.093+07:00 DEBUG 10588 --- [main] org.hibernate.type.BasicTypeRegistry     : Adding type registration calendar -> org.hibernate.type.BasicTypeReference@64279ab
2025-11-21T16:29:56.093+07:00 DEBUG 10588 --- [main] org.hibernate.type.BasicTypeRegistry     : Adding type registration java.util.Calendar -> org.hibernate.type.BasicTypeReference@64279ab
2025-11-21T16:29:56.093+07:00 DEBUG 10588 --- [main] org.hibernate.type.BasicTypeRegistry     : Adding type registration java.util.GregorianCalendar -> org.hibernate.type.BasicTypeReference@64279ab
2025-11-21T16:29:56.093+07:00 DEBUG 10588 --- [main] org.hibernate.type.BasicTypeRegistry     : Adding type registration calendar_date -> org.hibernate.type.BasicTypeReference@794240e2
2025-11-21T16:29:56.094+07:00 DEBUG 10588 --- [main] org.hibernate.type.BasicTypeRegistry     : Adding type registration calendar_time -> org.hibernate.type.BasicTypeReference@74a820bf
2025-11-21T16:29:56.094+07:00 DEBUG 10588 --- [main] org.hibernate.type.BasicTypeRegistry     : Adding type registration instant -> org.hibernate.type.BasicTypeReference@5a30722c
2025-11-21T16:29:56.094+07:00 DEBUG 10588 --- [main] org.hibernate.type.BasicTypeRegistry     : Adding type registration java.time.Instant -> org.hibernate.type.BasicTypeReference@5a30722c
2025-11-21T16:29:56.094+07:00 DEBUG 10588 --- [main] org.hibernate.type.BasicTypeRegistry     : Adding type registration uuid -> org.hibernate.type.BasicTypeReference@4f2ac7e0
2025-11-21T16:29:56.094+07:00 DEBUG 10588 --- [main] org.hibernate.type.BasicTypeRegistry     : Adding type registration java.util.UUID -> org.hibernate.type.BasicTypeReference@4f2ac7e0
2025-11-21T16:29:56.094+07:00 DEBUG 10588 --- [main] org.hibernate.type.BasicTypeRegistry     : Adding type registration pg-uuid -> org.hibernate.type.BasicTypeReference@4f2ac7e0
2025-11-21T16:29:56.094+07:00 DEBUG 10588 --- [main] org.hibernate.type.BasicTypeRegistry     : Adding type registration uuid-binary -> org.hibernate.type.BasicTypeReference@2484dbb7
2025-11-21T16:29:56.094+07:00 DEBUG 10588 --- [main] org.hibernate.type.BasicTypeRegistry     : Adding type registration uuid-char -> org.hibernate.type.BasicTypeReference@111cba40
2025-11-21T16:29:56.094+07:00 DEBUG 10588 --- [main] org.hibernate.type.BasicTypeRegistry     : Adding type registration class -> org.hibernate.type.BasicTypeReference@48e41b5d
2025-11-21T16:29:56.094+07:00 DEBUG 10588 --- [main] org.hibernate.type.BasicTypeRegistry     : Adding type registration java.lang.Class -> org.hibernate.type.BasicTypeReference@48e41b5d
2025-11-21T16:29:56.094+07:00 DEBUG 10588 --- [main] org.hibernate.type.BasicTypeRegistry     : Adding type registration currency -> org.hibernate.type.BasicTypeReference@51e8d066
2025-11-21T16:29:56.094+07:00 DEBUG 10588 --- [main] org.hibernate.type.BasicTypeRegistry     : Adding type registration Currency -> org.hibernate.type.BasicTypeReference@51e8d066
2025-11-21T16:29:56.094+07:00 DEBUG 10588 --- [main] org.hibernate.type.BasicTypeRegistry     : Adding type registration java.util.Currency -> org.hibernate.type.BasicTypeReference@51e8d066
2025-11-21T16:29:56.094+07:00 DEBUG 10588 --- [main] org.hibernate.type.BasicTypeRegistry     : Adding type registration locale -> org.hibernate.type.BasicTypeReference@5333f08f
2025-11-21T16:29:56.094+07:00 DEBUG 10588 --- [main] org.hibernate.type.BasicTypeRegistry     : Adding type registration java.util.Locale -> org.hibernate.type.BasicTypeReference@5333f08f
2025-11-21T16:29:56.094+07:00 DEBUG 10588 --- [main] org.hibernate.type.BasicTypeRegistry     : Adding type registration serializable -> org.hibernate.type.BasicTypeReference@27898e13
2025-11-21T16:29:56.094+07:00 DEBUG 10588 --- [main] org.hibernate.type.BasicTypeRegistry     : Adding type registration java.io.Serializable -> org.hibernate.type.BasicTypeReference@27898e13
2025-11-21T16:29:56.095+07:00 DEBUG 10588 --- [main] org.hibernate.type.BasicTypeRegistry     : Adding type registration timezone -> org.hibernate.type.BasicTypeReference@4f5f474c
2025-11-21T16:29:56.095+07:00 DEBUG 10588 --- [main] org.hibernate.type.BasicTypeRegistry     : Adding type registration java.util.TimeZone -> org.hibernate.type.BasicTypeReference@4f5f474c
2025-11-21T16:29:56.095+07:00 DEBUG 10588 --- [main] org.hibernate.type.BasicTypeRegistry     : Adding type registration ZoneOffset -> org.hibernate.type.BasicTypeReference@58a3d521
2025-11-21T16:29:56.095+07:00 DEBUG 10588 --- [main] org.hibernate.type.BasicTypeRegistry     : Adding type registration java.time.ZoneOffset -> org.hibernate.type.BasicTypeReference@58a3d521
2025-11-21T16:29:56.095+07:00 DEBUG 10588 --- [main] org.hibernate.type.BasicTypeRegistry     : Adding type registration url -> org.hibernate.type.BasicTypeReference@14d8e132
2025-11-21T16:29:56.095+07:00 DEBUG 10588 --- [main] org.hibernate.type.BasicTypeRegistry     : Adding type registration java.net.URL -> org.hibernate.type.BasicTypeReference@14d8e132
2025-11-21T16:29:56.095+07:00 DEBUG 10588 --- [main] org.hibernate.type.BasicTypeRegistry     : Adding type registration vector -> org.hibernate.type.BasicTypeReference@7f4a1cac
2025-11-21T16:29:56.095+07:00 DEBUG 10588 --- [main] org.hibernate.type.BasicTypeRegistry     : Adding type registration float_vector -> org.hibernate.type.BasicTypeReference@4a1a412e
2025-11-21T16:29:56.095+07:00 DEBUG 10588 --- [main] org.hibernate.type.BasicTypeRegistry     : Adding type registration double_vector -> org.hibernate.type.BasicTypeReference@c568f91
2025-11-21T16:29:56.095+07:00 DEBUG 10588 --- [main] org.hibernate.type.BasicTypeRegistry     : Adding type registration byte_vector -> org.hibernate.type.BasicTypeReference@5fd43e58
2025-11-21T16:29:56.095+07:00 DEBUG 10588 --- [main] org.hibernate.type.BasicTypeRegistry     : Adding type registration row_version -> org.hibernate.type.BasicTypeReference@70d4f672
2025-11-21T16:29:56.105+07:00 DEBUG 10588 --- [main] org.hibernate.type.BasicTypeRegistry     : Adding type registration object -> org.hibernate.type.JavaObjectType@17ec335a
2025-11-21T16:29:56.105+07:00 DEBUG 10588 --- [main] org.hibernate.type.BasicTypeRegistry     : Adding type registration java.lang.Object -> org.hibernate.type.JavaObjectType@17ec335a
2025-11-21T16:29:56.106+07:00 DEBUG 10588 --- [main] org.hibernate.type.BasicTypeRegistry     : Adding type registration null -> org.hibernate.type.NullType@203e705e
2025-11-21T16:29:56.107+07:00 DEBUG 10588 --- [main] org.hibernate.type.BasicTypeRegistry     : Adding type registration imm_date -> org.hibernate.type.BasicTypeReference@78c74647
2025-11-21T16:29:56.107+07:00 DEBUG 10588 --- [main] org.hibernate.type.BasicTypeRegistry     : Adding type registration imm_time -> org.hibernate.type.BasicTypeReference@39652a30
2025-11-21T16:29:56.107+07:00 DEBUG 10588 --- [main] org.hibernate.type.BasicTypeRegistry     : Adding type registration imm_timestamp -> org.hibernate.type.BasicTypeReference@5763a655
2025-11-21T16:29:56.107+07:00 DEBUG 10588 --- [main] org.hibernate.type.BasicTypeRegistry     : Adding type registration imm_calendar -> org.hibernate.type.BasicTypeReference@40c8067
2025-11-21T16:29:56.107+07:00 DEBUG 10588 --- [main] org.hibernate.type.BasicTypeRegistry     : Adding type registration imm_calendar_date -> org.hibernate.type.BasicTypeReference@46bb0bdf
2025-11-21T16:29:56.107+07:00 DEBUG 10588 --- [main] org.hibernate.type.BasicTypeRegistry     : Adding type registration imm_calendar_time -> org.hibernate.type.BasicTypeReference@561f9d92
2025-11-21T16:29:56.107+07:00 DEBUG 10588 --- [main] org.hibernate.type.BasicTypeRegistry     : Adding type registration imm_binary -> org.hibernate.type.BasicTypeReference@1c84d80a
2025-11-21T16:29:56.107+07:00 DEBUG 10588 --- [main] org.hibernate.type.BasicTypeRegistry     : Adding type registration imm_serializable -> org.hibernate.type.BasicTypeReference@7ceb6c45
2025-11-21T16:29:56.471+07:00  INFO 10588 --- [main] o.s.o.j.p.SpringPersistenceUnitInfo      : No LoadTimeWeaver setup: ignoring JPA class transformer
2025-11-21T16:29:56.523+07:00  INFO 10588 --- [main] com.zaxxer.hikari.HikariDataSource       : HikariPool-1 - Starting...
2025-11-21T16:29:56.779+07:00  INFO 10588 --- [main] com.zaxxer.hikari.pool.HikariPool        : HikariPool-1 - Added connection com.mysql.cj.jdbc.ConnectionImpl@3e04abc5
2025-11-21T16:29:56.782+07:00  INFO 10588 --- [main] com.zaxxer.hikari.HikariDataSource       : HikariPool-1 - Start completed.
2025-11-21T16:29:56.981+07:00  INFO 10588 --- [main] org.hibernate.orm.connections.pooling    : HHH10001005: Database info:
	Database JDBC URL [Connecting through datasource 'HikariDataSource (HikariPool-1)']
	Database driver: undefined/unknown
	Database version: 8.0.44
	Autocommit mode: undefined/unknown
	Isolation level: undefined/unknown
	Minimum pool size: undefined/unknown
	Maximum pool size: undefined/unknown
2025-11-21T16:29:56.990+07:00 DEBUG 10588 --- [main] o.h.t.d.sql.spi.DdlTypeRegistry          : addDescriptor(12, org.hibernate.type.descriptor.sql.internal.CapacityDependentDdlType@3f4a605f) replaced previous registration(org.hibernate.type.descriptor.sql.internal.CapacityDependentDdlType@30c8c6ab)
2025-11-21T16:29:56.990+07:00 DEBUG 10588 --- [main] o.h.t.d.sql.spi.DdlTypeRegistry          : addDescriptor(-9, org.hibernate.type.descriptor.sql.internal.CapacityDependentDdlType@bcfe29c) replaced previous registration(org.hibernate.type.descriptor.sql.internal.CapacityDependentDdlType@37f71c05)
2025-11-21T16:29:56.991+07:00 DEBUG 10588 --- [main] o.h.t.d.sql.spi.DdlTypeRegistry          : addDescriptor(-3, org.hibernate.type.descriptor.sql.internal.CapacityDependentDdlType@5bd3ca3c) replaced previous registration(org.hibernate.type.descriptor.sql.internal.CapacityDependentDdlType@2dd8a273)
2025-11-21T16:29:56.993+07:00 DEBUG 10588 --- [main] o.h.t.d.sql.spi.DdlTypeRegistry          : addDescriptor(4003, org.hibernate.type.descriptor.sql.internal.DdlTypeImpl@59f76e56) replaced previous registration(org.hibernate.type.descriptor.sql.internal.DdlTypeImpl@566f4659)
2025-11-21T16:29:56.993+07:00 DEBUG 10588 --- [main] o.h.t.d.sql.spi.DdlTypeRegistry          : addDescriptor(4001, org.hibernate.type.descriptor.sql.internal.DdlTypeImpl@1328f482) replaced previous registration(org.hibernate.type.descriptor.sql.internal.DdlTypeImpl@7b8b07ae)
2025-11-21T16:29:56.993+07:00 DEBUG 10588 --- [main] o.h.t.d.sql.spi.DdlTypeRegistry          : addDescriptor(4002, org.hibernate.type.descriptor.sql.internal.DdlTypeImpl@19ec5357) replaced previous registration(org.hibernate.type.descriptor.sql.internal.DdlTypeImpl@351d93bd)
2025-11-21T16:29:56.994+07:00 DEBUG 10588 --- [main] o.h.t.d.sql.spi.DdlTypeRegistry          : addDescriptor(2004, org.hibernate.type.descriptor.sql.internal.CapacityDependentDdlType@61c5fd78) replaced previous registration(org.hibernate.type.descriptor.sql.internal.DdlTypeImpl@42503099)
2025-11-21T16:29:57.005+07:00 DEBUG 10588 --- [main] o.h.t.d.sql.spi.DdlTypeRegistry          : addDescriptor(2005, org.hibernate.type.descriptor.sql.internal.CapacityDependentDdlType@39dda56f) replaced previous registration(org.hibernate.type.descriptor.sql.internal.DdlTypeImpl@60844992)
2025-11-21T16:29:57.006+07:00 DEBUG 10588 --- [main] o.h.t.d.sql.spi.DdlTypeRegistry          : addDescriptor(2011, org.hibernate.type.descriptor.sql.internal.CapacityDependentDdlType@2ee456c7) replaced previous registration(org.hibernate.type.descriptor.sql.internal.DdlTypeImpl@6df37f7a)
2025-11-21T16:29:57.010+07:00 DEBUG 10588 --- [main] o.h.t.d.jdbc.spi.JdbcTypeRegistry        : addDescriptor(NCharTypeDescriptor) replaced previous registration(CharTypeDescriptor)
2025-11-21T16:29:57.010+07:00 DEBUG 10588 --- [main] o.h.t.d.jdbc.spi.JdbcTypeRegistry        : addDescriptor(NVarcharTypeDescriptor) replaced previous registration(VarcharTypeDescriptor)
2025-11-21T16:29:57.011+07:00 DEBUG 10588 --- [main] o.h.t.d.jdbc.spi.JdbcTypeRegistry        : addDescriptor(LongNVarcharTypeDescriptor) replaced previous registration(LongVarcharTypeDescriptor)
2025-11-21T16:29:57.016+07:00 DEBUG 10588 --- [main] o.h.t.d.jdbc.spi.JdbcTypeRegistry        : addDescriptor(NClobTypeDescriptor(DEFAULT)) replaced previous registration(ClobTypeDescriptor(DEFAULT))
2025-11-21T16:29:57.020+07:00 DEBUG 10588 --- [main] org.hibernate.type.BasicTypeRegistry     : Adding type registration null -> org.hibernate.type.NullType@65d90b7f
2025-11-21T16:29:57.021+07:00 DEBUG 10588 --- [main] org.hibernate.type.BasicTypeRegistry     : Type registration key [null] overrode previous entry : `org.hibernate.type.NullType@203e705e`
2025-11-21T16:29:57.027+07:00 DEBUG 10588 --- [main] org.hibernate.type.BasicTypeRegistry     : Adding type registration org.hibernate.type.DurationType -> basicType@1(java.time.Duration,3015)
2025-11-21T16:29:57.027+07:00 DEBUG 10588 --- [main] org.hibernate.type.BasicTypeRegistry     : Adding type registration Duration -> basicType@1(java.time.Duration,3015)
2025-11-21T16:29:57.027+07:00 DEBUG 10588 --- [main] org.hibernate.type.BasicTypeRegistry     : Adding type registration java.time.Duration -> basicType@1(java.time.Duration,3015)
2025-11-21T16:29:57.031+07:00 DEBUG 10588 --- [main] org.hibernate.type.BasicTypeRegistry     : Adding type registration org.hibernate.type.OffsetDateTimeType -> basicType@2(java.time.OffsetDateTime,3003)
2025-11-21T16:29:57.032+07:00 DEBUG 10588 --- [main] org.hibernate.type.BasicTypeRegistry     : Adding type registration OffsetDateTime -> basicType@2(java.time.OffsetDateTime,3003)
2025-11-21T16:29:57.074+07:00 DEBUG 10588 --- [main] org.hibernate.type.BasicTypeRegistry     : Adding type registration java.time.OffsetDateTime -> basicType@2(java.time.OffsetDateTime,3003)
2025-11-21T16:29:57.074+07:00 DEBUG 10588 --- [main] org.hibernate.type.BasicTypeRegistry     : Adding type registration org.hibernate.type.ZonedDateTimeType -> basicType@3(java.time.ZonedDateTime,3003)
2025-11-21T16:29:57.074+07:00 DEBUG 10588 --- [main] org.hibernate.type.BasicTypeRegistry     : Adding type registration ZonedDateTime -> basicType@3(java.time.ZonedDateTime,3003)
2025-11-21T16:29:57.074+07:00 DEBUG 10588 --- [main] org.hibernate.type.BasicTypeRegistry     : Adding type registration java.time.ZonedDateTime -> basicType@3(java.time.ZonedDateTime,3003)
2025-11-21T16:29:57.075+07:00 DEBUG 10588 --- [main] org.hibernate.type.BasicTypeRegistry     : Adding type registration org.hibernate.type.OffsetTimeType -> basicType@4(java.time.OffsetTime,3007)
2025-11-21T16:29:57.075+07:00 DEBUG 10588 --- [main] org.hibernate.type.BasicTypeRegistry     : Adding type registration OffsetTime -> basicType@4(java.time.OffsetTime,3007)
2025-11-21T16:29:57.075+07:00 DEBUG 10588 --- [main] org.hibernate.type.BasicTypeRegistry     : Adding type registration java.time.OffsetTime -> basicType@4(java.time.OffsetTime,3007)
2025-11-21T16:29:57.077+07:00 DEBUG 10588 --- [main] o.h.type.spi.TypeConfiguration$Scope     : Scoping TypeConfiguration [org.hibernate.type.spi.TypeConfiguration@2b9d4b0] to MetadataBuildingContext [org.hibernate.boot.internal.MetadataBuildingContextRootImpl@4f541e67]
2025-11-21T16:29:58.040+07:00  INFO 10588 --- [main] o.h.e.t.j.p.i.JtaPlatformInitiator       : HHH000489: No JTA platform available (set 'hibernate.transaction.jta.platform' to enable JTA platform integration)
2025-11-21T16:29:58.040+07:00 DEBUG 10588 --- [main] o.h.type.spi.TypeConfiguration$Scope     : Scoping TypeConfiguration [org.hibernate.type.spi.TypeConfiguration@2b9d4b0] to SessionFactoryImplementor [org.hibernate.internal.SessionFactoryImpl@1e0c898c]
2025-11-21T16:29:58.128+07:00 TRACE 10588 --- [main] o.h.type.spi.TypeConfiguration$Scope     : Handling #sessionFactoryCreated from [org.hibernate.internal.SessionFactoryImpl@1e0c898c] for TypeConfiguration
2025-11-21T16:29:58.129+07:00  INFO 10588 --- [main] j.LocalContainerEntityManagerFactoryBean : Initialized JPA EntityManagerFactory for persistence unit 'default'
2025-11-21T16:29:58.606+07:00 DEBUG 10588 --- [main] com.example.inventory.config.JwtFilter   : Filter 'jwtFilter' configured for use
2025-11-21T16:29:58.703+07:00  INFO 10588 --- [main] r$InitializeUserDetailsManagerConfigurer : Global AuthenticationManager configured with UserDetailsService bean with name customUserDetailsServiceImpl
2025-11-21T16:29:58.784+07:00  WARN 10588 --- [main] JpaBaseConfiguration$JpaWebConfiguration : spring.jpa.open-in-view is enabled by default. Therefore, database queries may be performed during view rendering. Explicitly configure spring.jpa.open-in-view to disable this warning
2025-11-21T16:29:59.010+07:00 DEBUG 10588 --- [main] s.w.s.m.m.a.RequestMappingHandlerMapping : 5 mappings in 'requestMappingHandlerMapping'
2025-11-21T16:29:59.163+07:00 DEBUG 10588 --- [main] o.s.w.s.handler.SimpleUrlHandlerMapping  : Patterns [/webjars/**, /**] in 'resourceHandlerMapping'
2025-11-21T16:29:59.340+07:00 DEBUG 10588 --- [main] s.w.s.m.m.a.RequestMappingHandlerAdapter : ControllerAdvice beans: 0 @ModelAttribute, 0 @InitBinder, 1 RequestBodyAdvice, 1 ResponseBodyAdvice
2025-11-21T16:29:59.407+07:00 DEBUG 10588 --- [main] .m.m.a.ExceptionHandlerExceptionResolver : ControllerAdvice beans: 0 @ExceptionHandler, 1 ResponseBodyAdvice
2025-11-21T16:29:59.604+07:00  INFO 10588 --- [main] o.s.b.w.embedded.tomcat.TomcatWebServer  : Tomcat started on port 8080 (http) with context path '/'
2025-11-21T16:29:59.612+07:00  INFO 10588 --- [main] c.e.inventory.InventoryApplication       : Started InventoryApplication in 7.013 seconds (process running for 7.471)
2025-11-21T16:30:17.920+07:00  INFO 10588 --- [http-nio-8080-exec-1] o.a.c.c.C.[Tomcat].[localhost].[/]       : Initializing Spring DispatcherServlet 'dispatcherServlet'
2025-11-21T16:30:17.920+07:00  INFO 10588 --- [http-nio-8080-exec-1] o.s.web.servlet.DispatcherServlet        : Initializing Servlet 'dispatcherServlet'
2025-11-21T16:30:17.920+07:00 DEBUG 10588 --- [http-nio-8080-exec-1] o.s.web.servlet.DispatcherServlet        : Detected StandardServletMultipartResolver
2025-11-21T16:30:17.920+07:00 DEBUG 10588 --- [http-nio-8080-exec-1] o.s.web.servlet.DispatcherServlet        : Detected AcceptHeaderLocaleResolver
2025-11-21T16:30:17.921+07:00 DEBUG 10588 --- [http-nio-8080-exec-1] o.s.web.servlet.DispatcherServlet        : Detected FixedThemeResolver
2025-11-21T16:30:17.921+07:00 DEBUG 10588 --- [http-nio-8080-exec-1] o.s.web.servlet.DispatcherServlet        : Detected org.springframework.web.servlet.view.DefaultRequestToViewNameTranslator@480f1311
2025-11-21T16:30:17.921+07:00 DEBUG 10588 --- [http-nio-8080-exec-1] o.s.web.servlet.DispatcherServlet        : Detected org.springframework.web.servlet.support.SessionFlashMapManager@14927cd4
2025-11-21T16:30:17.921+07:00 DEBUG 10588 --- [http-nio-8080-exec-1] o.s.web.servlet.DispatcherServlet        : enableLoggingRequestDetails='false': request parameters and headers will be masked to prevent unsafe logging of potentially sensitive data
2025-11-21T16:30:17.922+07:00  INFO 10588 --- [http-nio-8080-exec-1] o.s.web.servlet.DispatcherServlet        : Completed initialization in 2 ms
2025-11-21T16:30:28.346+07:00 DEBUG 10588 --- [http-nio-8080-exec-3] o.s.web.servlet.DispatcherServlet        : POST "/api/auth/login", parameters={}
2025-11-21T16:30:28.348+07:00 DEBUG 10588 --- [http-nio-8080-exec-3] s.w.s.m.m.a.RequestMappingHandlerMapping : Mapped to com.example.inventory.controller.AuthController#login(AuthRequest)
2025-11-21T16:30:28.436+07:00 DEBUG 10588 --- [http-nio-8080-exec-3] m.m.a.RequestResponseBodyMethodProcessor : Read "application/json;charset=UTF-8" to [AuthRequest[username=user1, password=123456]]
2025-11-21T16:30:28.632+07:00 DEBUG 10588 --- [http-nio-8080-exec-3] org.hibernate.SQL                        : 
    select
        u1_0.id,
        u1_0.create_at,
        u1_0.email,
        u1_0.password,
        u1_0.role,
        u1_0.username 
    from
        users u1_0 
    where
        u1_0.username=?
2025-11-21T16:30:28.755+07:00  INFO 10588 --- [http-nio-8080-exec-3] c.e.i.service.impl.AuthServiceImpl       : Start create token after enter information
2025-11-21T16:30:28.830+07:00 DEBUG 10588 --- [http-nio-8080-exec-3] o.s.w.s.m.m.a.HttpEntityMethodProcessor  : Using 'application/json', given [*/*] and supported [application/json, application/*+json]
2025-11-21T16:30:28.831+07:00 DEBUG 10588 --- [http-nio-8080-exec-3] o.s.w.s.m.m.a.HttpEntityMethodProcessor  : Writing [AuthResponse[token=eyJhbGciOiJIUzI1NiJ9.eyJzdWIiOiJ1c2VyMSIsImlhdCI6MTc2MzcxNzQyOCwiZXhwIjoxNzYzODAz (truncated)...]
2025-11-21T16:30:28.847+07:00 DEBUG 10588 --- [http-nio-8080-exec-3] o.s.web.servlet.DispatcherServlet        : Completed 200 OK
2025-11-21T16:38:58.855+07:00  INFO 10588 --- [SpringApplicationShutdownHook] o.s.b.w.e.tomcat.GracefulShutdown        : Commencing graceful shutdown. Waiting for active requests to complete
2025-11-21T16:38:59.008+07:00  INFO 10588 --- [tomcat-shutdown] o.s.b.w.e.tomcat.GracefulShutdown        : Graceful shutdown complete
2025-11-21T16:38:59.012+07:00  INFO 10588 --- [SpringApplicationShutdownHook] j.LocalContainerEntityManagerFactoryBean : Closing JPA EntityManagerFactory for persistence unit 'default'
2025-11-21T16:38:59.013+07:00 TRACE 10588 --- [SpringApplicationShutdownHook] o.h.type.spi.TypeConfiguration$Scope     : Handling #sessionFactoryClosed from [org.hibernate.internal.SessionFactoryImpl@1e0c898c] for TypeConfiguration
2025-11-21T16:38:59.013+07:00 DEBUG 10588 --- [SpringApplicationShutdownHook] o.h.type.spi.TypeConfiguration$Scope     : Un-scoping TypeConfiguration [org.hibernate.type.spi.TypeConfiguration$Scope@28dfabf] from SessionFactory [org.hibernate.internal.SessionFactoryImpl@1e0c898c]
2025-11-21T16:38:59.015+07:00  INFO 10588 --- [SpringApplicationShutdownHook] com.zaxxer.hikari.HikariDataSource       : HikariPool-1 - Shutdown initiated...
2025-11-21T16:38:59.023+07:00  INFO 10588 --- [SpringApplicationShutdownHook] com.zaxxer.hikari.HikariDataSource       : HikariPool-1 - Shutdown completed.
